<?xml version="1.0" encoding="utf-8"?><testsuites name="pytest tests"><testsuite name="pytest" errors="0" failures="0" skipped="0" tests="12" time="8.019" timestamp="2026-02-19T13:15:28.136389+00:00" hostname="agent-env-c12ff2e4-fcc0-4027-a4a6-6746370bd536"><testcase classname="backend.tests.test_iteration4.TestAuthAndSetup" name="test_admin_login" time="0.383" /><testcase classname="backend.tests.test_iteration4.TestAuthAndSetup" name="test_student_login" time="0.333" /><testcase classname="backend.tests.test_iteration4.TestNotificationSystem" name="test_get_notifications_returns_is_read_flag" time="0.444" /><testcase classname="backend.tests.test_iteration4.TestNotificationSystem" name="test_mark_notification_as_read" time="0.665" /><testcase classname="backend.tests.test_iteration4.TestNotificationSystem" name="test_notifications_filtered_by_role" time="0.213" /><testcase classname="backend.tests.test_iteration4.TestEnrollmentAPIs" name="test_get_enrollments_returns_course_metadata" time="0.465" /><testcase classname="backend.tests.test_iteration4.TestEnrollmentAPIs" name="test_admin_enroll_student" time="0.666" /><testcase classname="backend.tests.test_iteration4.TestCourseUpdateAndNotifications" name="test_create_module_triggers_notification" time="1.118" /><testcase classname="backend.tests.test_iteration4.TestCourseUpdateAndNotifications" name="test_create_lesson_triggers_notification" time="0.627" /><testcase classname="backend.tests.test_iteration4.TestCertificateAutoGeneration" name="test_course_with_certificate_enabled_creates_template" time="0.457" /><testcase classname="backend.tests.test_iteration4.TestProfileLanguageUpdate" name="test_update_profile_language" time="0.663" /><testcase classname="backend.tests.test_iteration4.TestProgressRecalculation" name="test_progress_recalculation_endpoint" time="1.929" /></testsuite></testsuites>