<?xml version="1.0" encoding="utf-8"?><testsuites name="pytest tests"><testsuite name="pytest" errors="0" failures="0" skipped="0" tests="8" time="2.880" timestamp="2026-02-08T14:28:28.803853+00:00" hostname="agent-env-c12ff2e4-fcc0-4027-a4a6-6746370bd536"><testcase classname="backend.tests.test_bug_fixes.TestAdminStudentEnrollment" name="test_enroll_student_in_courses" time="0.391" /><testcase classname="backend.tests.test_bug_fixes.TestAdminStudentEnrollment" name="test_enroll_updates_and_removes_courses" time="0.332" /><testcase classname="backend.tests.test_bug_fixes.TestAdminStudentEnrollment" name="test_enroll_empty_course_ids_removes_all" time="0.326" /><testcase classname="backend.tests.test_bug_fixes.TestUserEnrolledCourses" name="test_user_has_enrolled_courses_array" time="0.389" /><testcase classname="backend.tests.test_bug_fixes.TestUserEnrolledCourses" name="test_user_enrolled_courses_shows_progress" time="0.362" /><testcase classname="backend.tests.test_bug_fixes.TestCertificateAutoGeneration" name="test_course_with_certificate_enabled_creates_template" time="0.280" /><testcase classname="backend.tests.test_bug_fixes.TestCertificateAutoGeneration" name="test_course_without_certificate_enabled_no_template" time="0.322" /><testcase classname="backend.tests.test_bug_fixes.TestStudentDashboardEnrollments" name="test_student_enrollments_api" time="0.275" /></testsuite></testsuites>